-------------------------------------------------------------------------------
Test set: stepdefs.TestRunner
-------------------------------------------------------------------------------
Tests run: 2, Failures: 1, Errors: 0, Skipped: 0, Time elapsed: 3.159 sec <<< FAILURE! - in stepdefs.TestRunner
Positive Login(Swag Login)  Time elapsed: 1.68 sec  <<< FAILURE!
org.junit.ComparisonFailure: expected:<PRODUCTS[!]> but was:<PRODUCTS[]>
	at org.junit.Assert.assertEquals(Assert.java:117)
	at org.junit.Assert.assertEquals(Assert.java:146)
	at stepdefs.LoginStepDefs.user_should_be_landed_on_products_pagesomething(LoginStepDefs.java:83)
	at âœ½.User should be landed on Products Page"PRODUCTS!"(file:src/test/java/features/swag_login.feature:11)

